Performing C++ SOURCE FILE Test CMAKE_HAVE_LIBC_PTHREAD failed with the following output:
Change Dir: /home/tracy/Desktop/thread_pool_project/thread_pool_project/build/CMakeFiles/CMakeTmp

Run Build Command(s):/usr/bin/make -f Makefile cmTC_1166f/fast && /usr/bin/make  -f CMakeFiles/cmTC_1166f.dir/build.make CMakeFiles/cmTC_1166f.dir/build
make[1]: Entering directory '/home/tracy/Desktop/thread_pool_project/thread_pool_project/build/CMakeFiles/CMakeTmp'
Building CXX object CMakeFiles/cmTC_1166f.dir/src.cxx.o
/usr/bin/c++ -DCMAKE_HAVE_LIBC_PTHREAD  -std=c++17 -o CMakeFiles/cmTC_1166f.dir/src.cxx.o -c /home/tracy/Desktop/thread_pool_project/thread_pool_project/build/CMakeFiles/CMakeTmp/src.cxx
Linking CXX executable cmTC_1166f
/opt/cmake/bin/cmake -E cmake_link_script CMakeFiles/cmTC_1166f.dir/link.txt --verbose=1
/usr/bin/c++ CMakeFiles/cmTC_1166f.dir/src.cxx.o -o cmTC_1166f 
/usr/bin/ld: CMakeFiles/cmTC_1166f.dir/src.cxx.o: in function `main':
src.cxx:(.text+0x46): undefined reference to `pthread_create'
/usr/bin/ld: src.cxx:(.text+0x52): undefined reference to `pthread_detach'
/usr/bin/ld: src.cxx:(.text+0x5e): undefined reference to `pthread_cancel'
/usr/bin/ld: src.cxx:(.text+0x6f): undefined reference to `pthread_join'
collect2: error: ld returned 1 exit status
make[1]: *** [CMakeFiles/cmTC_1166f.dir/build.make:99: cmTC_1166f] Error 1
make[1]: Leaving directory '/home/tracy/Desktop/thread_pool_project/thread_pool_project/build/CMakeFiles/CMakeTmp'
make: *** [Makefile:127: cmTC_1166f/fast] Error 2


Source file was:
#include <pthread.h>

static void* test_func(void* data)
{
  return data;
}

int main(void)
{
  pthread_t thread;
  pthread_create(&thread, NULL, test_func, NULL);
  pthread_detach(thread);
  pthread_cancel(thread);
  pthread_join(thread, NULL);
  pthread_atfork(NULL, NULL, NULL);
  pthread_exit(NULL);

  return 0;
}

Determining if the function pthread_create exists in the pthreads failed with the following output:
Change Dir: /home/tracy/Desktop/thread_pool_project/thread_pool_project/build/CMakeFiles/CMakeTmp

Run Build Command(s):/usr/bin/make -f Makefile cmTC_e813c/fast && /usr/bin/make  -f CMakeFiles/cmTC_e813c.dir/build.make CMakeFiles/cmTC_e813c.dir/build
make[1]: Entering directory '/home/tracy/Desktop/thread_pool_project/thread_pool_project/build/CMakeFiles/CMakeTmp'
Building CXX object CMakeFiles/cmTC_e813c.dir/CheckFunctionExists.cxx.o
/usr/bin/c++   -DCHECK_FUNCTION_EXISTS=pthread_create -std=c++17 -o CMakeFiles/cmTC_e813c.dir/CheckFunctionExists.cxx.o -c /home/tracy/Desktop/thread_pool_project/thread_pool_project/build/CMakeFiles/CheckLibraryExists/CheckFunctionExists.cxx
Linking CXX executable cmTC_e813c
/opt/cmake/bin/cmake -E cmake_link_script CMakeFiles/cmTC_e813c.dir/link.txt --verbose=1
/usr/bin/c++  -DCHECK_FUNCTION_EXISTS=pthread_create CMakeFiles/cmTC_e813c.dir/CheckFunctionExists.cxx.o -o cmTC_e813c  -lpthreads 
/usr/bin/ld: cannot find -lpthreads
collect2: error: ld returned 1 exit status
make[1]: *** [CMakeFiles/cmTC_e813c.dir/build.make:99: cmTC_e813c] Error 1
make[1]: Leaving directory '/home/tracy/Desktop/thread_pool_project/thread_pool_project/build/CMakeFiles/CMakeTmp'
make: *** [Makefile:127: cmTC_e813c/fast] Error 2



